0 verbose cli C:\Program Files\nodejs\node.exe C:\Program Files\nodejs\node_modules\npm\bin\npm-cli.js
1 info using npm@10.8.2
2 info using node@v18.20.5
3 silly config load:file:C:\Program Files\nodejs\node_modules\npm\npmrc
4 silly config load:file:D:\portfolio\.npmrc
5 silly config load:file:C:\Users\saadr\.npmrc
6 silly config load:file:C:\Users\saadr\AppData\Roaming\npm\etc\npmrc
7 verbose title npm install nodemailer @types/nodemailer
8 verbose argv "install" "nodemailer" "@types/nodemailer"
9 verbose logfile logs-max:10 dir:D:\portfolio\%APPDATA%\npm-cache\_logs\2025-04-17T18_39_26_765Z-
10 verbose logfile D:\portfolio\%APPDATA%\npm-cache\_logs\2025-04-17T18_39_26_765Z-debug-0.log
11 silly packumentCache heap:4345298944 maxSize:1086324736 maxEntrySize:543162368
12 silly logfile start cleaning logs, removing 1 files
13 silly logfile done cleaning log files
14 silly idealTree buildDeps
15 silly fetch manifest nodemailer@*
16 silly packumentCache full:https://registry.npmjs.org/nodemailer cache-miss
17 http fetch GET 200 https://registry.npmjs.org/nodemailer 2027ms (cache miss)
18 silly packumentCache full:https://registry.npmjs.org/nodemailer set size:undefined disposed:false
19 silly fetch manifest @types/nodemailer@*
20 silly packumentCache full:https://registry.npmjs.org/@types%2fnodemailer cache-miss
21 http fetch GET 200 https://registry.npmjs.org/@types%2fnodemailer 120ms (cache miss)
22 silly packumentCache full:https://registry.npmjs.org/@types%2fnodemailer set size:undefined disposed:false
23 silly placeDep ROOT @types/nodemailer@6.4.17 OK for: my-v0-project@0.1.0 want: *
24 silly placeDep ROOT nodemailer@6.10.1 OK for: my-v0-project@0.1.0 want: *
25 silly fetch manifest date-fns@^2.28.0 || ^3.0.0
26 silly packumentCache full:https://registry.npmjs.org/date-fns cache-miss
27 http fetch GET 200 https://registry.npmjs.org/date-fns 346ms (cache updated)
28 silly packumentCache full:https://registry.npmjs.org/date-fns set size:undefined disposed:false
29 silly fetch manifest react@^16.8.0 || ^17.0.0 || ^18.0.0
30 silly packumentCache full:https://registry.npmjs.org/react cache-miss
31 http fetch GET 200 https://registry.npmjs.org/react 927ms (cache updated)
32 silly packumentCache full:https://registry.npmjs.org/react set size:undefined disposed:false
33 verbose stack Error: could not resolve
33 verbose stack     at PlaceDep.failPeerConflict (C:\Program Files\nodejs\node_modules\npm\node_modules\@npmcli\arborist\lib\place-dep.js:503:25)
33 verbose stack     at new PlaceDep (C:\Program Files\nodejs\node_modules\npm\node_modules\@npmcli\arborist\lib\place-dep.js:157:21)
33 verbose stack     at #buildDepStep (C:\Program Files\nodejs\node_modules\npm\node_modules\@npmcli\arborist\lib\arborist\build-ideal-tree.js:917:18)
33 verbose stack     at async Arborist.buildIdealTree (C:\Program Files\nodejs\node_modules\npm\node_modules\@npmcli\arborist\lib\arborist\build-ideal-tree.js:181:7)
33 verbose stack     at async Promise.all (index 1)
33 verbose stack     at async Arborist.reify (C:\Program Files\nodejs\node_modules\npm\node_modules\@npmcli\arborist\lib\arborist\reify.js:131:5)
33 verbose stack     at async Install.exec (C:\Program Files\nodejs\node_modules\npm\lib\commands\install.js:150:5)
33 verbose stack     at async Npm.exec (C:\Program Files\nodejs\node_modules\npm\lib\npm.js:207:9)
33 verbose stack     at async module.exports (C:\Program Files\nodejs\node_modules\npm\lib\cli\entry.js:74:5)
34 error code ERESOLVE
35 error ERESOLVE could not resolve
36 error
37 error While resolving: react-day-picker@8.10.1
37 error Found: date-fns@4.1.0[2m[22m
37 error [2mnode_modules/date-fns[22m
37 error   date-fns@"4.1.0" from the root project
37 error
37 error Could not resolve dependency:
37 error [95mpeer[39m date-fns@"^2.28.0 || ^3.0.0" from react-day-picker@8.10.1[2m[22m
37 error [2mnode_modules/react-day-picker[22m
37 error   react-day-picker@"8.10.1" from the root project
37 error
37 error Conflicting peer dependency: date-fns@3.6.0[2m[22m
37 error [2mnode_modules/date-fns[22m
37 error   [95mpeer[39m date-fns@"^2.28.0 || ^3.0.0" from react-day-picker@8.10.1[2m[22m
37 error   [2mnode_modules/react-day-picker[22m
37 error     react-day-picker@"8.10.1" from the root project
37 error
37 error Fix the upstream dependency conflict, or retry
37 error this command with --force or --legacy-peer-deps
37 error to accept an incorrect (and potentially broken) dependency resolution.
38 error
38 error
38 error For a full report see:
38 error D:\portfolio\%APPDATA%\npm-cache\_logs\2025-04-17T18_39_26_765Z-eresolve-report.txt
39 silly unfinished npm timer reify 1744915170470
40 silly unfinished npm timer reify:loadTrees 1744915170505
41 silly unfinished npm timer idealTree:buildDeps 1744915172625
42 silly unfinished npm timer idealTree:node_modules/react-day-picker 1744915174995
43 verbose cwd D:\portfolio
44 verbose os Windows_NT 10.0.22631
45 verbose node v18.20.5
46 verbose npm  v10.8.2
47 verbose exit 1
48 verbose code 1
49 error A complete log of this run can be found in: D:\portfolio\%APPDATA%\npm-cache\_logs\2025-04-17T18_39_26_765Z-debug-0.log
