0 verbose cli C:\Program Files\nodejs\node.exe C:\Program Files\nodejs\node_modules\npm\bin\npm-cli.js
1 info using npm@10.8.2
2 info using node@v18.20.5
3 silly config load:file:C:\Program Files\nodejs\node_modules\npm\npmrc
4 silly config load:file:D:\portfolio\.npmrc
5 silly config load:file:C:\Users\saadr\.npmrc
6 silly config load:file:C:\Users\saadr\AppData\Roaming\npm\etc\npmrc
7 verbose title npm install nodemailer @types/nodemailer
8 verbose argv "install" "nodemailer" "@types/nodemailer" "--legacy-peer-deps"
9 verbose logfile logs-max:10 dir:D:\portfolio\%APPDATA%\npm-cache\_logs\2025-04-17T18_42_17_411Z-
10 verbose logfile D:\portfolio\%APPDATA%\npm-cache\_logs\2025-04-17T18_42_17_411Z-debug-0.log
11 silly packumentCache heap:4345298944 maxSize:1086324736 maxEntrySize:543162368
12 silly logfile start cleaning logs, removing 1 files
13 silly logfile done cleaning log files
14 silly idealTree buildDeps
15 silly fetch manifest nodemailer@*
16 silly packumentCache full:https://registry.npmjs.org/nodemailer cache-miss
17 http fetch GET 200 https://registry.npmjs.org/nodemailer 125ms (cache hit)
18 silly packumentCache full:https://registry.npmjs.org/nodemailer set size:529209 disposed:false
19 silly fetch manifest @types/nodemailer@*
20 silly packumentCache full:https://registry.npmjs.org/@types%2fnodemailer cache-miss
21 http fetch GET 200 https://registry.npmjs.org/@types%2fnodemailer 8ms (cache hit)
22 silly packumentCache full:https://registry.npmjs.org/@types%2fnodemailer set size:133881 disposed:false
23 silly placeDep ROOT @types/nodemailer@6.4.17 OK for: my-v0-project@0.1.0 want: *
24 silly placeDep ROOT nodemailer@6.10.1 OK for: my-v0-project@0.1.0 want: *
25 silly reify moves {}
26 silly audit bulk request {
26 silly audit   '@alloc/quick-lru': [ '5.2.0' ],
26 silly audit   '@babel/runtime': [ '7.27.0' ],
26 silly audit   '@emnapi/runtime': [ '1.4.3' ],
26 silly audit   '@floating-ui/core': [ '1.6.9' ],
26 silly audit   '@floating-ui/dom': [ '1.6.13' ],
26 silly audit   '@floating-ui/react-dom': [ '2.1.2' ],
26 silly audit   '@floating-ui/utils': [ '0.2.9' ],
26 silly audit   '@hookform/resolvers': [ '3.10.0' ],
26 silly audit   '@img/sharp-darwin-arm64': [ '0.33.5' ],
26 silly audit   '@img/sharp-darwin-x64': [ '0.33.5' ],
26 silly audit   '@img/sharp-libvips-darwin-arm64': [ '1.0.4' ],
26 silly audit   '@img/sharp-libvips-darwin-x64': [ '1.0.4' ],
26 silly audit   '@img/sharp-libvips-linux-arm': [ '1.0.5' ],
26 silly audit   '@img/sharp-libvips-linux-arm64': [ '1.0.4' ],
26 silly audit   '@img/sharp-libvips-linux-s390x': [ '1.0.4' ],
26 silly audit   '@img/sharp-libvips-linux-x64': [ '1.0.4' ],
26 silly audit   '@img/sharp-libvips-linuxmusl-arm64': [ '1.0.4' ],
26 silly audit   '@img/sharp-libvips-linuxmusl-x64': [ '1.0.4' ],
26 silly audit   '@img/sharp-linux-arm': [ '0.33.5' ],
26 silly audit   '@img/sharp-linux-arm64': [ '0.33.5' ],
26 silly audit   '@img/sharp-linux-s390x': [ '0.33.5' ],
26 silly audit   '@img/sharp-linux-x64': [ '0.33.5' ],
26 silly audit   '@img/sharp-linuxmusl-arm64': [ '0.33.5' ],
26 silly audit   '@img/sharp-linuxmusl-x64': [ '0.33.5' ],
26 silly audit   '@img/sharp-wasm32': [ '0.33.5' ],
26 silly audit   '@img/sharp-win32-ia32': [ '0.33.5' ],
26 silly audit   '@img/sharp-win32-x64': [ '0.33.5' ],
26 silly audit   '@isaacs/cliui': [ '8.0.2' ],
26 silly audit   '@jridgewell/gen-mapping': [ '0.3.8' ],
26 silly audit   '@jridgewell/resolve-uri': [ '3.1.2' ],
26 silly audit   '@jridgewell/set-array': [ '1.2.1' ],
26 silly audit   '@jridgewell/sourcemap-codec': [ '1.5.0' ],
26 silly audit   '@jridgewell/trace-mapping': [ '0.3.25' ],
26 silly audit   '@next/env': [ '15.2.4' ],
26 silly audit   '@next/swc-darwin-arm64': [ '15.2.4' ],
26 silly audit   '@next/swc-darwin-x64': [ '15.2.4' ],
26 silly audit   '@next/swc-linux-arm64-gnu': [ '15.2.4' ],
26 silly audit   '@next/swc-linux-arm64-musl': [ '15.2.4' ],
26 silly audit   '@next/swc-linux-x64-gnu': [ '15.2.4' ],
26 silly audit   '@next/swc-linux-x64-musl': [ '15.2.4' ],
26 silly audit   '@next/swc-win32-arm64-msvc': [ '15.2.4' ],
26 silly audit   '@next/swc-win32-x64-msvc': [ '15.2.4' ],
26 silly audit   '@nodelib/fs.scandir': [ '2.1.5' ],
26 silly audit   '@nodelib/fs.stat': [ '2.0.5' ],
26 silly audit   '@nodelib/fs.walk': [ '1.2.8' ],
26 silly audit   '@pkgjs/parseargs': [ '0.11.0' ],
26 silly audit   '@radix-ui/number': [ '1.1.1' ],
26 silly audit   '@radix-ui/primitive': [ '1.1.2' ],
26 silly audit   '@radix-ui/react-accordion': [ '1.2.4' ],
26 silly audit   '@radix-ui/react-alert-dialog': [ '1.1.7' ],
26 silly audit   '@radix-ui/react-arrow': [ '1.1.3' ],
26 silly audit   '@radix-ui/react-aspect-ratio': [ '1.1.3' ],
26 silly audit   '@radix-ui/react-avatar': [ '1.1.4' ],
26 silly audit   '@radix-ui/react-checkbox': [ '1.1.5' ],
26 silly audit   '@radix-ui/react-collapsible': [ '1.1.4' ],
26 silly audit   '@radix-ui/react-collection': [ '1.1.3' ],
26 silly audit   '@radix-ui/react-compose-refs': [ '1.1.2' ],
26 silly audit   '@radix-ui/react-context': [ '1.1.2' ],
26 silly audit   '@radix-ui/react-context-menu': [ '2.2.7' ],
26 silly audit   '@radix-ui/react-dialog': [ '1.1.7' ],
26 silly audit   '@radix-ui/react-direction': [ '1.1.1' ],
26 silly audit   '@radix-ui/react-dismissable-layer': [ '1.1.6' ],
26 silly audit   '@radix-ui/react-dropdown-menu': [ '2.1.7' ],
26 silly audit   '@radix-ui/react-focus-guards': [ '1.1.2' ],
26 silly audit   '@radix-ui/react-focus-scope': [ '1.1.3' ],
26 silly audit   '@radix-ui/react-hover-card': [ '1.1.7' ],
26 silly audit   '@radix-ui/react-id': [ '1.1.1' ],
26 silly audit   '@radix-ui/react-label': [ '2.1.3' ],
26 silly audit   '@radix-ui/react-menu': [ '2.1.7' ],
26 silly audit   '@radix-ui/react-menubar': [ '1.1.7' ],
26 silly audit   '@radix-ui/react-navigation-menu': [ '1.2.6' ],
26 silly audit   '@radix-ui/react-popover': [ '1.1.7' ],
26 silly audit   '@radix-ui/react-popper': [ '1.2.3' ],
26 silly audit   '@radix-ui/react-portal': [ '1.1.5' ],
26 silly audit   '@radix-ui/react-presence': [ '1.1.3' ],
26 silly audit   '@radix-ui/react-primitive': [ '2.0.3' ],
26 silly audit   '@radix-ui/react-progress': [ '1.1.3' ],
26 silly audit   '@radix-ui/react-radio-group': [ '1.2.4' ],
26 silly audit   '@radix-ui/react-roving-focus': [ '1.1.3' ],
26 silly audit   '@radix-ui/react-scroll-area': [ '1.2.4' ],
26 silly audit   '@radix-ui/react-select': [ '2.1.7' ],
26 silly audit   '@radix-ui/react-separator': [ '1.1.3' ],
26 silly audit   '@radix-ui/react-slider': [ '1.2.4' ],
26 silly audit   '@radix-ui/react-slot': [ '1.2.0' ],
26 silly audit   '@radix-ui/react-switch': [ '1.1.4' ],
26 silly audit   '@radix-ui/react-tabs': [ '1.1.4' ],
26 silly audit   '@radix-ui/react-toast': [ '1.2.7' ],
26 silly audit   '@radix-ui/react-toggle': [ '1.1.3' ],
26 silly audit   '@radix-ui/react-toggle-group': [ '1.1.3' ],
26 silly audit   '@radix-ui/react-tooltip': [ '1.2.0' ],
26 silly audit   '@radix-ui/react-use-callback-ref': [ '1.1.1' ],
26 silly audit   '@radix-ui/react-use-controllable-state': [ '1.1.1' ],
26 silly audit   '@radix-ui/react-use-escape-keydown': [ '1.1.1' ],
26 silly audit   '@radix-ui/react-use-layout-effect': [ '1.1.1' ],
26 silly audit   '@radix-ui/react-use-previous': [ '1.1.1' ],
26 silly audit   '@radix-ui/react-use-rect': [ '1.1.1' ],
26 silly audit   '@radix-ui/react-use-size': [ '1.1.1' ],
26 silly audit   '@radix-ui/react-visually-hidden': [ '1.1.3' ],
26 silly audit   '@radix-ui/rect': [ '1.1.1' ],
26 silly audit   '@swc/counter': [ '0.1.3' ],
26 silly audit   '@swc/helpers': [ '0.5.15' ],
26 silly audit   '@types/d3-array': [ '3.2.1' ],
26 silly audit   '@types/d3-color': [ '3.1.3' ],
26 silly audit   '@types/d3-ease': [ '3.0.2' ],
26 silly audit   '@types/d3-interpolate': [ '3.0.4' ],
26 silly audit   '@types/d3-path': [ '3.1.1' ],
26 silly audit   '@types/d3-scale': [ '4.0.9' ],
26 silly audit   '@types/d3-shape': [ '3.1.7' ],
26 silly audit   '@types/d3-time': [ '3.0.4' ],
26 silly audit   '@types/d3-timer': [ '3.0.2' ],
26 silly audit   '@types/debug': [ '4.1.12' ],
26 silly audit   '@types/estree': [ '1.0.7' ],
26 silly audit   '@types/estree-jsx': [ '1.0.5' ],
26 silly audit   '@types/hast': [ '3.0.4', '2.3.10' ],
26 silly audit   '@types/mdast': [ '4.0.4' ],
26 silly audit   '@types/ms': [ '2.1.0' ],
26 silly audit   '@types/node': [ '22.14.1' ],
26 silly audit   '@types/react': [ '19.1.2' ],
26 silly audit   '@types/react-dom': [ '19.1.2' ],
26 silly audit   '@types/unist': [ '3.0.3', '2.0.11' ],
26 silly audit   '@ungap/structured-clone': [ '1.3.0' ],
26 silly audit   'ansi-regex': [ '6.1.0', '5.0.1' ],
26 silly audit   'ansi-styles': [ '6.2.1', '4.3.0' ],
26 silly audit   'any-promise': [ '1.3.0' ],
26 silly audit   anymatch: [ '3.1.3' ],
26 silly audit   arg: [ '5.0.2' ],
26 silly audit   'aria-hidden': [ '1.2.4' ],
26 silly audit   autoprefixer: [ '10.4.21' ],
26 silly audit   bail: [ '2.0.2' ],
26 silly audit   'balanced-match': [ '1.0.2' ],
26 silly audit   'binary-extensions': [ '2.3.0' ],
26 silly audit   'brace-expansion': [ '2.0.1' ],
26 silly audit   braces: [ '3.0.3' ],
26 silly audit   browserslist: [ '4.24.4' ],
26 silly audit   busboy: [ '1.6.0' ],
26 silly audit   'camelcase-css': [ '2.0.1' ],
26 silly audit   'caniuse-lite': [ '1.0.30001714' ],
26 silly audit   ccount: [ '2.0.1' ],
26 silly audit   'character-entities': [ '2.0.2', '1.2.4' ],
26 silly audit   'character-entities-html4': [ '2.1.0' ],
26 silly audit   'character-entities-legacy': [ '3.0.0', '1.1.4' ],
26 silly audit   'character-reference-invalid': [ '2.0.1', '1.1.4' ],
26 silly audit   chokidar: [ '3.6.0' ],
26 silly audit   'glob-parent': [ '5.1.2', '6.0.2' ],
26 silly audit   'class-variance-authority': [ '0.7.1' ],
26 silly audit   'client-only': [ '0.0.1' ],
26 silly audit   clsx: [ '2.1.1' ],
26 silly audit   cmdk: [ '1.0.4' ],
26 silly audit   color: [ '4.2.3' ],
26 silly audit   'color-convert': [ '2.0.1' ],
26 silly audit   'color-name': [ '1.1.4' ],
26 silly audit   'color-string': [ '1.9.1' ],
26 silly audit   'comma-separated-tokens': [ '2.0.3', '1.0.8' ],
26 silly audit   commander: [ '4.1.1' ],
26 silly audit   'cross-spawn': [ '7.0.6' ],
26 silly audit   cssesc: [ '3.0.0' ],
26 silly audit   csstype: [ '3.1.3' ],
26 silly audit   'd3-array': [ '3.2.4' ],
26 silly audit   'd3-color': [ '3.1.0' ],
26 silly audit   'd3-ease': [ '3.0.1' ],
26 silly audit   'd3-format': [ '3.1.0' ],
26 silly audit   'd3-interpolate': [ '3.0.1' ],
26 silly audit   'd3-path': [ '3.1.0' ],
26 silly audit   'd3-scale': [ '4.0.2' ],
26 silly audit   'd3-shape': [ '3.2.0' ],
26 silly audit   'd3-time': [ '3.1.0' ],
26 silly audit   'd3-time-format': [ '4.1.0' ],
26 silly audit   'd3-timer': [ '3.0.1' ],
26 silly audit   'date-fns': [ '4.1.0' ],
26 silly audit   debug: [ '4.4.0' ],
26 silly audit   'decimal.js-light': [ '2.5.1' ],
26 silly audit   'decode-named-character-reference': [ '1.1.0' ],
26 silly audit   dequal: [ '2.0.3' ],
26 silly audit   'detect-libc': [ '2.0.3' ],
26 silly audit   'detect-node-es': [ '1.1.0' ],
26 silly audit   devlop: [ '1.1.0' ],
26 silly audit   didyoumean: [ '1.2.2' ],
26 silly audit   dlv: [ '1.1.3' ],
26 silly audit   'dom-helpers': [ '5.2.1' ],
26 silly audit   eastasianwidth: [ '0.2.0' ],
26 silly audit   'electron-to-chromium': [ '1.5.137' ],
26 silly audit   'embla-carousel': [ '8.5.1' ],
26 silly audit   'embla-carousel-react': [ '8.5.1' ],
26 silly audit   'embla-carousel-reactive-utils': [ '8.5.1' ],
26 silly audit   'emoji-regex': [ '9.2.2', '8.0.0' ],
26 silly audit   escalade: [ '3.2.0' ],
26 silly audit   'estree-util-is-identifier-name': [ '3.0.0' ],
26 silly audit   eventemitter3: [ '4.0.7' ],
26 silly audit   extend: [ '3.0.2' ],
26 silly audit   'fast-equals': [ '5.2.2' ],
26 silly audit   'fast-glob': [ '3.3.3' ],
26 silly audit   fastq: [ '1.19.1' ],
26 silly audit   fault: [ '1.0.4' ],
26 silly audit   'fill-range': [ '7.1.1' ],
26 silly audit   'foreground-child': [ '3.3.1' ],
26 silly audit   format: [ '0.2.2' ],
26 silly audit   'fraction.js': [ '4.3.7' ],
26 silly audit   fsevents: [ '2.3.3' ],
26 silly audit   'function-bind': [ '1.1.2' ],
26 silly audit   'get-nonce': [ '1.0.1' ],
26 silly audit   glob: [ '10.4.5' ],
26 silly audit   hasown: [ '2.0.2' ],
26 silly audit   'hast-util-parse-selector': [ '2.2.5' ],
26 silly audit   'hast-util-to-jsx-runtime': [ '2.3.6' ],
26 silly audit   'hast-util-whitespace': [ '3.0.0' ],
26 silly audit   hastscript: [ '6.0.0' ],
26 silly audit   'property-information': [ '5.6.0', '7.0.0' ],
26 silly audit   'space-separated-tokens': [ '1.1.5', '2.0.2' ],
26 silly audit   'highlight.js': [ '10.7.3' ],
26 silly audit   'highlightjs-vue': [ '1.0.0' ],
26 silly audit   'html-url-attributes': [ '3.0.1' ],
26 silly audit   'inline-style-parser': [ '0.2.4' ],
26 silly audit   'input-otp': [ '1.4.1' ],
26 silly audit   internmap: [ '2.0.3' ],
26 silly audit   'is-alphabetical': [ '2.0.1', '1.0.4' ],
26 silly audit   'is-alphanumerical': [ '2.0.1', '1.0.4' ],
26 silly audit   'is-arrayish': [ '0.3.2' ],
26 silly audit   'is-binary-path': [ '2.1.0' ],
26 silly audit   'is-core-module': [ '2.16.1' ],
26 silly audit   'is-decimal': [ '2.0.1', '1.0.4' ],
26 silly audit   'is-extglob': [ '2.1.1' ],
26 silly audit   'is-fullwidth-code-point': [ '3.0.0' ],
26 silly audit   'is-glob': [ '4.0.3' ],
26 silly audit   'is-hexadecimal': [ '2.0.1', '1.0.4' ],
26 silly audit   'is-number': [ '7.0.0' ],
26 silly audit   'is-plain-obj': [ '4.1.0' ],
26 silly audit   isexe: [ '2.0.0' ],
26 silly audit   jackspeak: [ '3.4.3' ],
26 silly audit   jiti: [ '1.21.7' ],
26 silly audit   'js-tokens': [ '4.0.0' ],
26 silly audit   lilconfig: [ '3.1.3' ],
26 silly audit   'lines-and-columns': [ '1.2.4' ],
26 silly audit   lodash: [ '4.17.21' ],
26 silly audit   'longest-streak': [ '3.1.0' ],
26 silly audit   'loose-envify': [ '1.4.0' ],
26 silly audit   lowlight: [ '1.20.0' ],
26 silly audit   'lru-cache': [ '10.4.3' ],
26 silly audit   'lucide-react': [ '0.454.0' ],
26 silly audit   'mdast-util-from-markdown': [ '2.0.2' ],
26 silly audit   'mdast-util-mdx-expression': [ '2.0.1' ],
26 silly audit   'mdast-util-mdx-jsx': [ '3.2.0' ],
26 silly audit   'mdast-util-mdxjs-esm': [ '2.0.1' ],
26 silly audit   'mdast-util-phrasing': [ '4.1.0' ],
26 silly audit   'mdast-util-to-hast': [ '13.2.0' ],
26 silly audit   'mdast-util-to-markdown': [ '2.1.2' ],
26 silly audit   'mdast-util-to-string': [ '4.0.0' ],
26 silly audit   merge2: [ '1.4.1' ],
26 silly audit   micromark: [ '4.0.2' ],
26 silly audit   'micromark-core-commonmark': [ '2.0.3' ],
26 silly audit   'micromark-factory-destination': [ '2.0.1' ],
26 silly audit   'micromark-factory-label': [ '2.0.1' ],
26 silly audit   'micromark-factory-space': [ '2.0.1' ],
26 silly audit   'micromark-factory-title': [ '2.0.1' ],
26 silly audit   'micromark-factory-whitespace': [ '2.0.1' ],
26 silly audit   'micromark-util-character': [ '2.1.1' ],
26 silly audit   'micromark-util-chunked': [ '2.0.1' ],
26 silly audit   'micromark-util-classify-character': [ '2.0.1' ],
26 silly audit   'micromark-util-combine-extensions': [ '2.0.1' ],
26 silly audit   'micromark-util-decode-numeric-character-reference': [ '2.0.2' ],
26 silly audit   'micromark-util-decode-string': [ '2.0.1' ],
26 silly audit   'micromark-util-encode': [ '2.0.1' ],
26 silly audit   'micromark-util-html-tag-name': [ '2.0.1' ],
26 silly audit   'micromark-util-normalize-identifier': [ '2.0.1' ],
26 silly audit   'micromark-util-resolve-all': [ '2.0.1' ],
26 silly audit   'micromark-util-sanitize-uri': [ '2.0.1' ],
26 silly audit   'micromark-util-subtokenize': [ '2.1.0' ],
26 silly audit   'micromark-util-symbol': [ '2.0.1' ],
26 silly audit   'micromark-util-types': [ '2.0.2' ],
26 silly audit   micromatch: [ '4.0.8' ],
26 silly audit   minimatch: [ '9.0.5' ],
26 silly audit   minipass: [ '7.1.2' ],
26 silly audit   ms: [ '2.1.3' ],
26 silly audit   mz: [ '2.7.0' ],
26 silly audit   nanoid: [ '3.3.11' ],
26 silly audit   next: [ '15.2.4' ],
26 silly audit   'next-themes': [ '0.4.6' ],
26 silly audit   postcss: [ '8.4.31', '8.5.3' ],
26 silly audit   'node-releases': [ '2.0.19' ],
26 silly audit   'normalize-path': [ '3.0.0' ],
26 silly audit   'normalize-range': [ '0.1.2' ],
26 silly audit   'object-assign': [ '4.1.1' ],
26 silly audit   'object-hash': [ '3.0.0' ],
26 silly audit   'package-json-from-dist': [ '1.0.1' ],
26 silly audit   'parse-entities': [ '4.0.2', '2.0.0' ],
26 silly audit   'path-key': [ '3.1.1' ],
26 silly audit   'path-parse': [ '1.0.7' ],
26 silly audit   'path-scurry': [ '1.11.1' ],
26 silly audit   picocolors: [ '1.1.1' ],
26 silly audit   picomatch: [ '2.3.1' ],
26 silly audit   pify: [ '2.3.0' ],
26 silly audit   pirates: [ '4.0.7' ],
26 silly audit   'postcss-import': [ '15.1.0' ],
26 silly audit   'postcss-js': [ '4.0.1' ],
26 silly audit   'postcss-load-config': [ '4.0.2' ],
26 silly audit   'postcss-nested': [ '6.2.0' ],
26 silly audit   'postcss-selector-parser': [ '6.1.2' ],
26 silly audit   'postcss-value-parser': [ '4.2.0' ],
26 silly audit   prismjs: [ '1.30.0', '1.27.0' ],
26 silly audit   'prop-types': [ '15.8.1' ],
26 silly audit   'react-is': [ '16.13.1', '18.3.1' ],
26 silly audit   'queue-microtask': [ '1.2.3' ],
26 silly audit   react: [ '19.1.0' ],
26 silly audit   'react-day-picker': [ '8.10.1' ],
26 silly audit   'react-dom': [ '19.1.0' ],
26 silly audit   'react-hook-form': [ '7.55.0' ],
26 silly audit   'react-markdown': [ '10.1.0' ],
26 silly audit   'react-remove-scroll': [ '2.6.3' ],
26 silly audit   'react-remove-scroll-bar': [ '2.3.8' ],
26 silly audit   'react-resizable-panels': [ '2.1.7' ],
26 silly audit   'react-smooth': [ '4.0.4' ],
26 silly audit   'react-style-singleton': [ '2.2.3' ],
26 silly audit   'react-syntax-highlighter': [ '15.6.1' ],
26 silly audit   'react-transition-group': [ '4.4.5' ],
26 silly audit   'read-cache': [ '1.0.0' ],
26 silly audit   readdirp: [ '3.6.0' ],
26 silly audit   recharts: [ '2.15.0' ],
26 silly audit   'recharts-scale': [ '0.4.5' ],
26 silly audit   refractor: [ '3.6.0' ],
26 silly audit   'regenerator-runtime': [ '0.14.1' ],
26 silly audit   'remark-parse': [ '11.0.0' ],
26 silly audit   'remark-rehype': [ '11.1.2' ],
26 silly audit   resolve: [ '1.22.10' ],
26 silly audit   reusify: [ '1.1.0' ],
26 silly audit   'run-parallel': [ '1.2.0' ],
26 silly audit   scheduler: [ '0.26.0' ],
26 silly audit   semver: [ '7.7.1' ],
26 silly audit   sharp: [ '0.33.5' ],
26 silly audit   'shebang-command': [ '2.0.0' ],
26 silly audit   'shebang-regex': [ '3.0.0' ],
26 silly audit   'signal-exit': [ '4.1.0' ],
26 silly audit   'simple-swizzle': [ '0.2.2' ],
26 silly audit   sonner: [ '1.7.4' ],
26 silly audit   'source-map-js': [ '1.2.1' ],
26 silly audit   streamsearch: [ '1.1.0' ],
26 silly audit   'string-width': [ '5.1.2', '4.2.3' ],
26 silly audit   'strip-ansi': [ '6.0.1', '7.1.0' ],
26 silly audit   'stringify-entities': [ '4.0.4' ],
26 silly audit   'style-to-js': [ '1.1.16' ],
26 silly audit   'style-to-object': [ '1.0.8' ],
26 silly audit   'styled-jsx': [ '5.1.6' ],
26 silly audit   sucrase: [ '3.35.0' ],
26 silly audit   'supports-preserve-symlinks-flag': [ '1.0.0' ],
26 silly audit   'tailwind-merge': [ '2.6.0' ],
26 silly audit   tailwindcss: [ '3.4.17' ],
26 silly audit   'tailwindcss-animate': [ '1.0.7' ],
26 silly audit   thenify: [ '3.3.1' ],
26 silly audit   'thenify-all': [ '1.6.0' ],
26 silly audit   'tiny-invariant': [ '1.3.3' ],
26 silly audit   'to-regex-range': [ '5.0.1' ],
26 silly audit   'trim-lines': [ '3.0.1' ],
26 silly audit   trough: [ '2.2.0' ],
26 silly audit   'ts-interface-checker': [ '0.1.13' ],
26 silly audit   tslib: [ '2.8.1' ],
26 silly audit   typescript: [ '5.8.3' ],
26 silly audit   'undici-types': [ '6.21.0' ],
26 silly audit   unified: [ '11.0.5' ],
26 silly audit   'unist-util-is': [ '6.0.0' ],
26 silly audit   'unist-util-position': [ '5.0.0' ],
26 silly audit   'unist-util-stringify-position': [ '4.0.0' ],
26 silly audit   'unist-util-visit': [ '5.0.0' ],
26 silly audit   'unist-util-visit-parents': [ '6.0.1' ],
26 silly audit   'update-browserslist-db': [ '1.1.3' ],
26 silly audit   'use-callback-ref': [ '1.3.3' ],
26 silly audit   'use-sidecar': [ '1.1.3' ],
26 silly audit   'use-sync-external-store': [ '1.5.0' ],
26 silly audit   'util-deprecate': [ '1.0.2' ],
26 silly audit   vaul: [ '0.9.9' ],
26 silly audit   vfile: [ '6.0.3' ],
26 silly audit   'vfile-message': [ '4.0.2' ],
26 silly audit   'victory-vendor': [ '36.9.2' ],
26 silly audit   which: [ '2.0.2' ],
26 silly audit   'wrap-ansi': [ '8.1.0', '7.0.0' ],
26 silly audit   xtend: [ '4.0.2' ],
26 silly audit   yaml: [ '2.7.1' ],
26 silly audit   zod: [ '3.24.3' ],
26 silly audit   zwitch: [ '2.0.4' ],
26 silly audit   '@types/nodemailer': [ '6.4.17' ],
26 silly audit   nodemailer: [ '6.10.1' ]
26 silly audit }
27 verbose reify failed optional dependency D:\portfolio\node_modules\fsevents
28 silly reify mark deleted [ 'D:\\portfolio\\node_modules\\fsevents' ]
29 verbose reify failed optional dependency D:\portfolio\node_modules\@next\swc-win32-arm64-msvc
30 silly reify mark deleted [ 'D:\\portfolio\\node_modules\\@next\\swc-win32-arm64-msvc' ]
31 verbose reify failed optional dependency D:\portfolio\node_modules\@next\swc-linux-x64-musl
32 silly reify mark deleted [ 'D:\\portfolio\\node_modules\\@next\\swc-linux-x64-musl' ]
33 verbose reify failed optional dependency D:\portfolio\node_modules\@next\swc-linux-x64-gnu
34 silly reify mark deleted [ 'D:\\portfolio\\node_modules\\@next\\swc-linux-x64-gnu' ]
35 verbose reify failed optional dependency D:\portfolio\node_modules\@next\swc-linux-arm64-musl
36 silly reify mark deleted [ 'D:\\portfolio\\node_modules\\@next\\swc-linux-arm64-musl' ]
37 verbose reify failed optional dependency D:\portfolio\node_modules\@next\swc-linux-arm64-gnu
38 silly reify mark deleted [ 'D:\\portfolio\\node_modules\\@next\\swc-linux-arm64-gnu' ]
39 verbose reify failed optional dependency D:\portfolio\node_modules\@next\swc-darwin-x64
40 silly reify mark deleted [ 'D:\\portfolio\\node_modules\\@next\\swc-darwin-x64' ]
41 verbose reify failed optional dependency D:\portfolio\node_modules\@next\swc-darwin-arm64
42 silly reify mark deleted [ 'D:\\portfolio\\node_modules\\@next\\swc-darwin-arm64' ]
43 verbose reify failed optional dependency D:\portfolio\node_modules\@img\sharp-win32-ia32
44 silly reify mark deleted [ 'D:\\portfolio\\node_modules\\@img\\sharp-win32-ia32' ]
45 verbose reify failed optional dependency D:\portfolio\node_modules\@img\sharp-wasm32
46 silly reify mark deleted [ 'D:\\portfolio\\node_modules\\@img\\sharp-wasm32' ]
47 verbose reify failed optional dependency D:\portfolio\node_modules\@emnapi\runtime
48 silly reify mark deleted [ 'D:\\portfolio\\node_modules\\@emnapi\\runtime' ]
49 verbose reify failed optional dependency D:\portfolio\node_modules\@img\sharp-linuxmusl-x64
50 silly reify mark deleted [ 'D:\\portfolio\\node_modules\\@img\\sharp-linuxmusl-x64' ]
51 verbose reify failed optional dependency D:\portfolio\node_modules\@img\sharp-linuxmusl-arm64
52 silly reify mark deleted [ 'D:\\portfolio\\node_modules\\@img\\sharp-linuxmusl-arm64' ]
53 verbose reify failed optional dependency D:\portfolio\node_modules\@img\sharp-linux-x64
54 silly reify mark deleted [ 'D:\\portfolio\\node_modules\\@img\\sharp-linux-x64' ]
55 verbose reify failed optional dependency D:\portfolio\node_modules\@img\sharp-linux-s390x
56 silly reify mark deleted [ 'D:\\portfolio\\node_modules\\@img\\sharp-linux-s390x' ]
57 verbose reify failed optional dependency D:\portfolio\node_modules\@img\sharp-linux-arm64
58 silly reify mark deleted [ 'D:\\portfolio\\node_modules\\@img\\sharp-linux-arm64' ]
59 verbose reify failed optional dependency D:\portfolio\node_modules\@img\sharp-linux-arm
60 silly reify mark deleted [ 'D:\\portfolio\\node_modules\\@img\\sharp-linux-arm' ]
61 verbose reify failed optional dependency D:\portfolio\node_modules\@img\sharp-libvips-linuxmusl-x64
62 silly reify mark deleted [ 'D:\\portfolio\\node_modules\\@img\\sharp-libvips-linuxmusl-x64' ]
63 verbose reify failed optional dependency D:\portfolio\node_modules\@img\sharp-libvips-linuxmusl-arm64
64 silly reify mark deleted [ 'D:\\portfolio\\node_modules\\@img\\sharp-libvips-linuxmusl-arm64' ]
65 verbose reify failed optional dependency D:\portfolio\node_modules\@img\sharp-libvips-linux-x64
66 silly reify mark deleted [ 'D:\\portfolio\\node_modules\\@img\\sharp-libvips-linux-x64' ]
67 verbose reify failed optional dependency D:\portfolio\node_modules\@img\sharp-libvips-linux-s390x
68 silly reify mark deleted [ 'D:\\portfolio\\node_modules\\@img\\sharp-libvips-linux-s390x' ]
69 verbose reify failed optional dependency D:\portfolio\node_modules\@img\sharp-libvips-linux-arm64
70 silly reify mark deleted [ 'D:\\portfolio\\node_modules\\@img\\sharp-libvips-linux-arm64' ]
71 verbose reify failed optional dependency D:\portfolio\node_modules\@img\sharp-libvips-linux-arm
72 silly reify mark deleted [ 'D:\\portfolio\\node_modules\\@img\\sharp-libvips-linux-arm' ]
73 verbose reify failed optional dependency D:\portfolio\node_modules\@img\sharp-libvips-darwin-x64
74 silly reify mark deleted [ 'D:\\portfolio\\node_modules\\@img\\sharp-libvips-darwin-x64' ]
75 verbose reify failed optional dependency D:\portfolio\node_modules\@img\sharp-libvips-darwin-arm64
76 silly reify mark deleted [ 'D:\\portfolio\\node_modules\\@img\\sharp-libvips-darwin-arm64' ]
77 verbose reify failed optional dependency D:\portfolio\node_modules\@img\sharp-darwin-x64
78 silly reify mark deleted [ 'D:\\portfolio\\node_modules\\@img\\sharp-darwin-x64' ]
79 verbose reify failed optional dependency D:\portfolio\node_modules\@img\sharp-darwin-arm64
80 silly reify mark deleted [ 'D:\\portfolio\\node_modules\\@img\\sharp-darwin-arm64' ]
81 silly tarball no local data for nodemailer@https://registry.npmjs.org/nodemailer/-/nodemailer-6.10.1.tgz. Extracting by manifest.
82 silly tarball no local data for @types/nodemailer@https://registry.npmjs.org/@types/nodemailer/-/nodemailer-6.4.17.tgz. Extracting by manifest.
83 http fetch GET 200 https://registry.npmjs.org/nodemailer/-/nodemailer-6.10.1.tgz 270ms (cache miss)
84 http fetch POST 200 https://registry.npmjs.org/-/npm/v1/security/advisories/bulk 479ms
85 silly audit report {
85 silly audit report   prismjs: [
85 silly audit report     {
85 silly audit report       id: 1102459,
85 silly audit report       url: 'https://github.com/advisories/GHSA-x7hr-w5r2-h6wg',
85 silly audit report       title: 'PrismJS DOM Clobbering vulnerability',
85 silly audit report       severity: 'moderate',
85 silly audit report       vulnerable_versions: '<1.30.0',
85 silly audit report       cwe: [Array],
85 silly audit report       cvss: [Object]
85 silly audit report     }
85 silly audit report   ]
85 silly audit report }
86 silly packumentCache corgi:https://registry.npmjs.org/prismjs cache-miss
87 http fetch GET 200 https://registry.npmjs.org/@types/nodemailer/-/nodemailer-6.4.17.tgz 459ms (cache miss)
88 http fetch GET 200 https://registry.npmjs.org/prismjs 1096ms (cache updated)
89 silly packumentCache corgi:https://registry.npmjs.org/prismjs set size:undefined disposed:false
90 silly packumentCache corgi:https://registry.npmjs.org/refractor cache-miss
91 http fetch GET 200 https://registry.npmjs.org/refractor 59ms (cache updated)
92 silly packumentCache corgi:https://registry.npmjs.org/refractor set size:undefined disposed:false
93 silly packumentCache corgi:https://registry.npmjs.org/react-syntax-highlighter cache-miss
94 http fetch GET 200 https://registry.npmjs.org/react-syntax-highlighter 70ms (cache updated)
95 silly packumentCache corgi:https://registry.npmjs.org/react-syntax-highlighter set size:undefined disposed:false
96 silly ADD node_modules/nodemailer
97 silly ADD node_modules/@types/nodemailer
98 silly ADD
99 silly ADD
100 silly ADD
101 silly ADD
102 silly ADD
103 silly ADD
104 silly ADD
105 silly ADD
106 silly ADD
107 silly ADD
108 silly ADD
109 silly ADD
110 silly ADD
111 silly ADD
112 silly ADD
113 silly ADD
114 silly ADD
115 silly ADD
116 silly ADD
117 silly ADD
118 silly ADD
119 silly ADD
120 silly ADD
121 silly ADD
122 silly ADD
123 silly ADD
124 silly ADD
125 verbose cwd D:\portfolio
126 verbose os Windows_NT 10.0.22631
127 verbose node v18.20.5
128 verbose npm  v10.8.2
129 verbose exit 0
130 info ok
